0 silly argv {
0 silly argv   _: [ 'add' ],
0 silly argv   D: true,
0 silly argv   dev: true,
0 silly argv   globs: [
0 silly argv     'ts-loader',
0 silly argv     'css-loader',
0 silly argv     'postcss-loader',
0 silly argv     'postcss-import',
0 silly argv     'postcss-preset-env'
0 silly argv   ],
0 silly argv   lernaVersion: '3.22.0',
0 silly argv   '$0': '/Users/ben/.config/yarn/global/node_modules/.bin/lerna',
0 silly argv   pkg: 'webpack'
0 silly argv }
1 notice cli v3.22.0
2 verbose rootPath /Users/ben/Documents/w/code/myproject/library/egg-ui
3 error Error: Invalid tag name "^.2.1.1": Tags may not have any characters that encodeURIComponent encodes.
3 error     at invalidTagName (/Users/ben/Documents/w/code/myproject/library/egg-ui/node_modules/npm-package-arg/npa.js:91:15)
3 error     at fromRegistry (/Users/ben/Documents/w/code/myproject/library/egg-ui/node_modules/npm-package-arg/npa.js:296:13)
3 error     at Function.resolve (/Users/ben/Documents/w/code/myproject/library/egg-ui/node_modules/npm-package-arg/npa.js:81:12)
3 error     at /Users/ben/Documents/w/code/myproject/library/egg-ui/node_modules/@lerna/package-graph/index.js:61:30
3 error     at Array.forEach (<anonymous>)
3 error     at /Users/ben/Documents/w/code/myproject/library/egg-ui/node_modules/@lerna/package-graph/index.js:55:38
3 error     at Map.forEach (<anonymous>)
3 error     at new PackageGraph (/Users/ben/Documents/w/code/myproject/library/egg-ui/node_modules/@lerna/package-graph/index.js:44:10)
